{"D:\\Vaibhav_Angular\\Orxe\\shell1\\packages\\hotel-button\\src\\components.ts": {"path":"D:\\Vaibhav_Angular\\Orxe\\shell1\\packages\\hotel-button\\src\\components.ts","statementMap":{"0":{"start":{"line":1,"column":0},"end":{"line":1,"column":36}},"1":{"start":{"line":2,"column":0},"end":{"line":2,"column":38}},"2":{"start":{"line":3,"column":0},"end":{"line":3,"column":32}},"3":{"start":{"line":4,"column":0},"end":{"line":4,"column":33}},"4":{"start":{"line":5,"column":0},"end":{"line":5,"column":31}},"5":{"start":{"line":6,"column":0},"end":{"line":6,"column":35}},"6":{"start":{"line":7,"column":0},"end":{"line":7,"column":37}},"7":{"start":{"line":8,"column":0},"end":{"line":8,"column":40}},"8":{"start":{"line":9,"column":0},"end":{"line":9,"column":34}},"9":{"start":{"line":10,"column":0},"end":{"line":10,"column":37}},"10":{"start":{"line":11,"column":0},"end":{"line":11,"column":35}},"11":{"start":{"line":12,"column":0},"end":{"line":12,"column":31}},"12":{"start":{"line":13,"column":0},"end":{"line":13,"column":33}},"13":{"start":{"line":14,"column":0},"end":{"line":14,"column":31}},"14":{"start":{"line":15,"column":0},"end":{"line":15,"column":32}},"15":{"start":{"line":16,"column":0},"end":{"line":16,"column":32}},"16":{"start":{"line":17,"column":0},"end":{"line":17,"column":32}},"17":{"start":{"line":18,"column":0},"end":{"line":18,"column":42}},"18":{"start":{"line":19,"column":0},"end":{"line":19,"column":34}},"19":{"start":{"line":20,"column":0},"end":{"line":20,"column":32}},"20":{"start":{"line":21,"column":0},"end":{"line":21,"column":37}},"21":{"start":{"line":22,"column":0},"end":{"line":22,"column":35}},"22":{"start":{"line":23,"column":0},"end":{"line":23,"column":33}},"23":{"start":{"line":24,"column":0},"end":{"line":24,"column":31}},"24":{"start":{"line":25,"column":0},"end":{"line":25,"column":34}},"25":{"start":{"line":26,"column":0},"end":{"line":26,"column":34}}},"fnMap":{},"branchMap":{},"s":{"0":0,"1":0,"2":0,"3":0,"4":0,"5":0,"6":0,"7":0,"8":0,"9":0,"10":0,"11":0,"12":0,"13":0,"14":0,"15":0,"16":0,"17":0,"18":0,"19":0,"20":0,"21":0,"22":0,"23":0,"24":0,"25":0},"f":{},"b":{}}
,"D:\\Vaibhav_Angular\\Orxe\\shell1\\packages\\hotel-button\\src\\culture-init.ts": {"path":"D:\\Vaibhav_Angular\\Orxe\\shell1\\packages\\hotel-button\\src\\culture-init.ts","statementMap":{"0":{"start":{"line":1,"column":0},"end":{"line":1,"column":53}},"1":{"start":{"line":3,"column":0},"end":{"line":3,"column":54}},"2":{"start":{"line":7,"column":0},"end":{"line":7,"column":57}},"3":{"start":{"line":10,"column":18},"end":{"line":10,"column":41}},"4":{"start":{"line":11,"column":15},"end":{"line":11,"column":22}},"5":{"start":{"line":20,"column":0},"end":{"line":26,"column":3}}},"fnMap":{},"branchMap":{},"s":{"0":0,"1":0,"2":0,"3":0,"4":0,"5":0},"f":{},"b":{}}
,"D:\\Vaibhav_Angular\\Orxe\\shell1\\packages\\hotel-button\\src\\main.prod.ts": {"path":"D:\\Vaibhav_Angular\\Orxe\\shell1\\packages\\hotel-button\\src\\main.prod.ts","statementMap":{"0":{"start":{"line":2,"column":0},"end":{"line":2,"column":75}},"1":{"start":{"line":4,"column":0},"end":{"line":4,"column":45}},"2":{"start":{"line":5,"column":0},"end":{"line":5,"column":57}},"3":{"start":{"line":7,"column":0},"end":{"line":7,"column":53}},"4":{"start":{"line":8,"column":0},"end":{"line":8,"column":54}},"5":{"start":{"line":10,"column":18},"end":{"line":10,"column":41}},"6":{"start":{"line":12,"column":0},"end":{"line":12,"column":67}},"7":{"start":{"line":15,"column":0},"end":{"line":17,"column":38}},"8":{"start":{"line":17,"column":18},"end":{"line":17,"column":36}}},"fnMap":{"0":{"name":"(anonymous_0)","decl":{"start":{"line":17,"column":9},"end":{"line":17,"column":10}},"loc":{"start":{"line":17,"column":18},"end":{"line":17,"column":36}}}},"branchMap":{},"s":{"0":0,"1":0,"2":0,"3":0,"4":0,"5":0,"6":0,"7":0,"8":0},"f":{"0":0},"b":{}}
,"D:\\Vaibhav_Angular\\Orxe\\shell1\\packages\\hotel-button\\src\\app\\app.component.ts": {"path":"D:\\Vaibhav_Angular\\Orxe\\shell1\\packages\\hotel-button\\src\\app\\app.component.ts","statementMap":{"0":{"start":{"line":1,"column":0},"end":{"line":1,"column":50}},"1":{"start":{"line":2,"column":0},"end":{"line":2,"column":44}},"2":{"start":{"line":6,"column":0},"end":{"line":6,"column":41}},"3":{"start":{"line":13,"column":0},"end":{"line":33,"column":null}},"4":{"start":{"line":20,"column":22},"end":{"line":20,"column":30}},"5":{"start":{"line":21,"column":22},"end":{"line":21,"column":30}},"6":{"start":{"line":14,"column":9},"end":{"line":14,"column":29}},"7":{"start":{"line":15,"column":9},"end":{"line":15,"column":36}},"8":{"start":{"line":27,"column":4},"end":{"line":27,"column":27}},"9":{"start":{"line":31,"column":6},"end":{"line":31,"column":43}},"10":{"start":{"line":13,"column":13},"end":{"line":33,"column":null}},"11":{"start":{"line":13,"column":13},"end":{"line":13,"column":25}}},"fnMap":{"0":{"name":"(anonymous_0)","decl":{"start":{"line":20,"column":2},"end":{"line":20,"column":22}},"loc":{"start":{"line":21,"column":36},"end":{"line":21,"column":40}}},"1":{"name":"(anonymous_1)","decl":{"start":{"line":23,"column":2},"end":{"line":23,"column":10}},"loc":{"start":{"line":23,"column":10},"end":{"line":28,"column":3}}},"2":{"name":"(anonymous_2)","decl":{"start":{"line":30,"column":2},"end":{"line":30,"column":17}},"loc":{"start":{"line":30,"column":17},"end":{"line":32,"column":3}}}},"branchMap":{},"s":{"0":2,"1":2,"2":2,"3":2,"4":4,"5":4,"6":4,"7":4,"8":2,"9":2,"10":2,"11":2},"f":{"0":4,"1":2,"2":2},"b":{}}
,"D:\\Vaibhav_Angular\\Orxe\\shell1\\packages\\hotel-button\\src\\app\\core\\services\\index.ts": {"path":"D:\\Vaibhav_Angular\\Orxe\\shell1\\packages\\hotel-button\\src\\app\\core\\services\\index.ts","statementMap":{"0":{"start":{"line":1,"column":0},"end":{"line":1,"column":31}}},"fnMap":{},"branchMap":{},"s":{"0":2},"f":{},"b":{}}
,"D:\\Vaibhav_Angular\\Orxe\\shell1\\packages\\hotel-button\\src\\app\\core\\services\\user.service.ts": {"path":"D:\\Vaibhav_Angular\\Orxe\\shell1\\packages\\hotel-button\\src\\app\\core\\services\\user.service.ts","statementMap":{"0":{"start":{"line":1,"column":0},"end":{"line":1,"column":43}},"1":{"start":{"line":2,"column":0},"end":{"line":2,"column":38}},"2":{"start":{"line":7,"column":25},"end":{"line":7,"column":52}},"3":{"start":{"line":10,"column":0},"end":{"line":18,"column":null}},"4":{"start":{"line":11,"column":10},"end":{"line":11,"column":35}},"5":{"start":{"line":16,"column":4},"end":{"line":16,"column":51}},"6":{"start":{"line":10,"column":13},"end":{"line":18,"column":null}},"7":{"start":{"line":10,"column":13},"end":{"line":10,"column":24}}},"fnMap":{"0":{"name":"(anonymous_0)","decl":{"start":{"line":13,"column":2},"end":{"line":13,"column":17}},"loc":{"start":{"line":13,"column":2},"end":{"line":13,"column":18}}},"1":{"name":"(anonymous_1)","decl":{"start":{"line":15,"column":2},"end":{"line":15,"column":9}},"loc":{"start":{"line":15,"column":9},"end":{"line":17,"column":3}}}},"branchMap":{},"s":{"0":2,"1":2,"2":2,"3":2,"4":4,"5":0,"6":2,"7":2},"f":{"0":4,"1":0},"b":{}}
,"D:\\Vaibhav_Angular\\Orxe\\shell1\\packages\\hotel-button\\src\\app\\core\\store\\actions\\user.actions.ts": {"path":"D:\\Vaibhav_Angular\\Orxe\\shell1\\packages\\hotel-button\\src\\app\\core\\store\\actions\\user.actions.ts","statementMap":{"0":{"start":{"line":8,"column":0},"end":{"line":8,"column":null}},"1":{"start":{"line":9,"column":2},"end":{"line":9,"column":null}},"2":{"start":{"line":10,"column":2},"end":{"line":10,"column":null}},"3":{"start":{"line":14,"column":18},"end":{"line":14,"column":46}},"4":{"start":{"line":13,"column":0},"end":{"line":13,"column":13}},"5":{"start":{"line":19,"column":21},"end":{"line":19,"column":35}},"6":{"start":{"line":18,"column":18},"end":{"line":18,"column":53}},"7":{"start":{"line":17,"column":0},"end":{"line":17,"column":13}}},"fnMap":{"0":{"name":"(anonymous_0)","decl":{"start":{"line":8,"column":0},"end":{"line":8,"column":12}},"loc":{"start":{"line":8,"column":24},"end":{"line":11,"column":1}}},"1":{"name":"(anonymous_1)","decl":{"start":{"line":13,"column":0},"end":{"line":13,"column":13}},"loc":{"start":{"line":13,"column":0},"end":{"line":15,"column":1}}},"2":{"name":"(anonymous_2)","decl":{"start":{"line":19,"column":2},"end":{"line":19,"column":21}},"loc":{"start":{"line":19,"column":35},"end":{"line":19,"column":39}}}},"branchMap":{"0":{"loc":{"start":{"line":8,"column":12},"end":{"line":8,"column":24}},"type":"binary-expr","locations":[{"start":{"line":8,"column":12},"end":{"line":8,"column":24}},{"start":{"line":8,"column":12},"end":{"line":8,"column":null}}]}},"s":{"0":2,"1":2,"2":2,"3":0,"4":2,"5":0,"6":0,"7":2},"f":{"0":2,"1":0,"2":0},"b":{"0":[2,2]}}
,"D:\\Vaibhav_Angular\\Orxe\\shell1\\packages\\hotel-button\\src\\app\\core\\store\\effects\\user.effects.ts": {"path":"D:\\Vaibhav_Angular\\Orxe\\shell1\\packages\\hotel-button\\src\\app\\core\\store\\effects\\user.effects.ts","statementMap":{"0":{"start":{"line":2,"column":0},"end":{"line":2,"column":43}},"1":{"start":{"line":3,"column":0},"end":{"line":3,"column":56}},"2":{"start":{"line":4,"column":0},"end":{"line":4,"column":43}},"3":{"start":{"line":5,"column":0},"end":{"line":5,"column":26}},"4":{"start":{"line":8,"column":0},"end":{"line":8,"column":51}},"5":{"start":{"line":9,"column":0},"end":{"line":9,"column":80}},"6":{"start":{"line":15,"column":0},"end":{"line":29,"column":null}},"7":{"start":{"line":27,"column":12},"end":{"line":27,"column":26}},"8":{"start":{"line":28,"column":12},"end":{"line":28,"column":23}},"9":{"start":{"line":17,"column":2},"end":{"line":24,"column":4}},"10":{"start":{"line":19,"column":20},"end":{"line":19,"column":47}},"11":{"start":{"line":21,"column":6},"end":{"line":21,"column":34}},"12":{"start":{"line":22,"column":6},"end":{"line":22,"column":42}},"13":{"start":{"line":17,"column":2},"end":{"line":24,"column":null}},"14":{"start":{"line":15,"column":13},"end":{"line":29,"column":null}},"15":{"start":{"line":15,"column":13},"end":{"line":15,"column":24}}},"fnMap":{"0":{"name":"(anonymous_0)","decl":{"start":{"line":26,"column":2},"end":{"line":26,"column":null}},"loc":{"start":{"line":28,"column":30},"end":{"line":28,"column":34}}},"1":{"name":"(anonymous_1)","decl":{"start":{"line":19,"column":14},"end":{"line":19,"column":17}},"loc":{"start":{"line":19,"column":20},"end":{"line":19,"column":47}}},"2":{"name":"(anonymous_2)","decl":{"start":{"line":20,"column":14},"end":{"line":20,"column":15}},"loc":{"start":{"line":20,"column":30},"end":{"line":23,"column":5}}}},"branchMap":{},"s":{"0":2,"1":2,"2":2,"3":2,"4":2,"5":2,"6":2,"7":4,"8":4,"9":4,"10":0,"11":0,"12":0,"13":2,"14":2,"15":2},"f":{"0":4,"1":0,"2":0},"b":{}}
,"D:\\Vaibhav_Angular\\Orxe\\shell1\\packages\\hotel-button\\src\\app\\core\\store\\meta-reducers\\index.ts": {"path":"D:\\Vaibhav_Angular\\Orxe\\shell1\\packages\\hotel-button\\src\\app\\core\\store\\meta-reducers\\index.ts","statementMap":{"0":{"start":{"line":8,"column":15},"end":{"line":13,"column":1}},"1":{"start":{"line":9,"column":2},"end":{"line":12,"column":4}},"2":{"start":{"line":11,"column":4},"end":{"line":11,"column":34}},"3":{"start":{"line":15,"column":13},"end":{"line":15,"column":63}}},"fnMap":{"0":{"name":"(anonymous_0)","decl":{"start":{"line":8,"column":15},"end":{"line":8,"column":16}},"loc":{"start":{"line":8,"column":79},"end":{"line":13,"column":1}}},"1":{"name":"(anonymous_1)","decl":{"start":{"line":9,"column":9},"end":{"line":9,"column":10}},"loc":{"start":{"line":9,"column":54},"end":{"line":12,"column":3}}}},"branchMap":{},"s":{"0":2,"1":4,"2":8,"3":2},"f":{"0":4,"1":8},"b":{}}
,"D:\\Vaibhav_Angular\\Orxe\\shell1\\packages\\hotel-button\\src\\app\\core\\store\\reducers\\app.reducers.ts": {"path":"D:\\Vaibhav_Angular\\Orxe\\shell1\\packages\\hotel-button\\src\\app\\core\\store\\reducers\\app.reducers.ts","statementMap":{"0":{"start":{"line":3,"column":0},"end":{"line":3,"column":47}},"1":{"start":{"line":9,"column":13},"end":{"line":11,"column":2}}},"fnMap":{},"branchMap":{},"s":{"0":2,"1":2},"f":{},"b":{}}
,"D:\\Vaibhav_Angular\\Orxe\\shell1\\packages\\hotel-button\\src\\app\\core\\store\\reducers\\user.reducers.ts": {"path":"D:\\Vaibhav_Angular\\Orxe\\shell1\\packages\\hotel-button\\src\\app\\core\\store\\reducers\\user.reducers.ts","statementMap":{"0":{"start":{"line":1,"column":0},"end":{"line":1,"column":68}},"1":{"start":{"line":2,"column":0},"end":{"line":2,"column":69}},"2":{"start":{"line":4,"column":13},"end":{"line":20,"column":2}},"3":{"start":{"line":8,"column":2},"end":{"line":19,"column":null}},"4":{"start":{"line":10,"column":6},"end":{"line":10,"column":35}},"5":{"start":{"line":11,"column":6},"end":{"line":13,"column":null}},"6":{"start":{"line":18,"column":6},"end":{"line":18,"column":19}}},"fnMap":{"0":{"name":"(anonymous_0)","decl":{"start":{"line":4,"column":28},"end":{"line":4,"column":null}},"loc":{"start":{"line":7,"column":16},"end":{"line":20,"column":1}}}},"branchMap":{"0":{"loc":{"start":{"line":5,"column":10},"end":{"line":5,"column":26}},"type":"default-arg","locations":[{"start":{"line":5,"column":10},"end":{"line":5,"column":26}}]},"1":{"loc":{"start":{"line":9,"column":4},"end":{"line":15,"column":null}},"type":"switch","locations":[{"start":{"line":9,"column":4},"end":{"line":15,"column":null}},{"start":{"line":17,"column":4},"end":{"line":18,"column":19}}]}},"s":{"0":2,"1":2,"2":2,"3":8,"4":0,"5":0,"6":8},"f":{"0":8},"b":{"0":[4],"1":[0,8]}}
,"D:\\Vaibhav_Angular\\Orxe\\shell1\\packages\\hotel-button\\src\\app\\core\\store\\selectors\\user.selectors.ts": {"path":"D:\\Vaibhav_Angular\\Orxe\\shell1\\packages\\hotel-button\\src\\app\\core\\store\\selectors\\user.selectors.ts","statementMap":{"0":{"start":{"line":1,"column":0},"end":{"line":1,"column":45}},"1":{"start":{"line":6,"column":18},"end":{"line":6,"column":50}},"2":{"start":{"line":6,"column":40},"end":{"line":6,"column":50}},"3":{"start":{"line":11,"column":13},"end":{"line":14,"column":2}},"4":{"start":{"line":13,"column":25},"end":{"line":13,"column":42}}},"fnMap":{"0":{"name":"(anonymous_0)","decl":{"start":{"line":6,"column":18},"end":{"line":6,"column":19}},"loc":{"start":{"line":6,"column":40},"end":{"line":6,"column":50}}},"1":{"name":"(anonymous_1)","decl":{"start":{"line":13,"column":2},"end":{"line":13,"column":3}},"loc":{"start":{"line":13,"column":25},"end":{"line":13,"column":42}}}},"branchMap":{},"s":{"0":0,"1":0,"2":0,"3":0,"4":0},"f":{"0":0,"1":0},"b":{}}
,"D:\\Vaibhav_Angular\\Orxe\\shell1\\packages\\hotel-button\\src\\app\\core\\store\\state\\app.state.ts": {"path":"D:\\Vaibhav_Angular\\Orxe\\shell1\\packages\\hotel-button\\src\\app\\core\\store\\state\\app.state.ts","statementMap":{"0":{"start":{"line":1,"column":0},"end":{"line":1,"column":60}},"1":{"start":{"line":13,"column":13},"end":{"line":15,"column":2}},"2":{"start":{"line":19,"column":2},"end":{"line":19,"column":25}},"3":{"start":{"line":18,"column":0},"end":{"line":18,"column":16}}},"fnMap":{"0":{"name":"getInitialState","decl":{"start":{"line":18,"column":16},"end":{"line":18,"column":31}},"loc":{"start":{"line":18,"column":31},"end":{"line":20,"column":1}}}},"branchMap":{},"s":{"0":0,"1":0,"2":0,"3":0},"f":{"0":0},"b":{}}
,"D:\\Vaibhav_Angular\\Orxe\\shell1\\packages\\hotel-button\\src\\app\\core\\store\\state\\user.state.ts": {"path":"D:\\Vaibhav_Angular\\Orxe\\shell1\\packages\\hotel-button\\src\\app\\core\\store\\state\\user.state.ts","statementMap":{"0":{"start":{"line":7,"column":13},"end":{"line":9,"column":2}}},"fnMap":{},"branchMap":{},"s":{"0":2},"f":{},"b":{}}
,"D:\\Vaibhav_Angular\\Orxe\\shell1\\packages\\hotel-button\\src\\app\\culture-translator\\culture-translator.component.ts": {"path":"D:\\Vaibhav_Angular\\Orxe\\shell1\\packages\\hotel-button\\src\\app\\culture-translator\\culture-translator.component.ts","statementMap":{"0":{"start":{"line":1,"column":0},"end":{"line":1,"column":50}},"1":{"start":{"line":10,"column":0},"end":{"line":17,"column":null}},"2":{"start":{"line":10,"column":13},"end":{"line":17,"column":null}},"3":{"start":{"line":10,"column":13},"end":{"line":10,"column":39}}},"fnMap":{"0":{"name":"(anonymous_0)","decl":{"start":{"line":12,"column":2},"end":{"line":12,"column":18}},"loc":{"start":{"line":12,"column":2},"end":{"line":12,"column":19}}},"1":{"name":"(anonymous_1)","decl":{"start":{"line":14,"column":2},"end":{"line":14,"column":10}},"loc":{"start":{"line":14,"column":10},"end":{"line":15,"column":3}}}},"branchMap":{},"s":{"0":1,"1":1,"2":1,"3":1},"f":{"0":1,"1":1},"b":{}}
,"D:\\Vaibhav_Angular\\Orxe\\shell1\\packages\\hotel-button\\src\\app\\shared\\components\\cars\\cars.component.ts": {"path":"D:\\Vaibhav_Angular\\Orxe\\shell1\\packages\\hotel-button\\src\\app\\shared\\components\\cars\\cars.component.ts","statementMap":{"0":{"start":{"line":1,"column":0},"end":{"line":1,"column":50}},"1":{"start":{"line":8,"column":0},"end":{"line":15,"column":null}},"2":{"start":{"line":8,"column":13},"end":{"line":15,"column":null}},"3":{"start":{"line":8,"column":13},"end":{"line":8,"column":26}}},"fnMap":{"0":{"name":"(anonymous_0)","decl":{"start":{"line":10,"column":2},"end":{"line":10,"column":18}},"loc":{"start":{"line":10,"column":2},"end":{"line":10,"column":19}}},"1":{"name":"(anonymous_1)","decl":{"start":{"line":12,"column":2},"end":{"line":12,"column":10}},"loc":{"start":{"line":12,"column":10},"end":{"line":13,"column":3}}}},"branchMap":{},"s":{"0":3,"1":3,"2":3,"3":3},"f":{"0":1,"1":1},"b":{}}
,"D:\\Vaibhav_Angular\\Orxe\\shell1\\packages\\hotel-button\\src\\app\\shared\\components\\flight\\flight.component.ts": {"path":"D:\\Vaibhav_Angular\\Orxe\\shell1\\packages\\hotel-button\\src\\app\\shared\\components\\flight\\flight.component.ts","statementMap":{"0":{"start":{"line":1,"column":0},"end":{"line":1,"column":50}},"1":{"start":{"line":8,"column":0},"end":{"line":15,"column":null}},"2":{"start":{"line":8,"column":13},"end":{"line":15,"column":null}},"3":{"start":{"line":8,"column":13},"end":{"line":8,"column":28}}},"fnMap":{"0":{"name":"(anonymous_0)","decl":{"start":{"line":10,"column":2},"end":{"line":10,"column":18}},"loc":{"start":{"line":10,"column":2},"end":{"line":10,"column":19}}},"1":{"name":"(anonymous_1)","decl":{"start":{"line":12,"column":2},"end":{"line":12,"column":10}},"loc":{"start":{"line":12,"column":10},"end":{"line":13,"column":3}}}},"branchMap":{},"s":{"0":3,"1":3,"2":3,"3":3},"f":{"0":1,"1":1},"b":{}}
,"D:\\Vaibhav_Angular\\Orxe\\shell1\\packages\\hotel-button\\src\\app\\shared\\components\\gift\\gift.component.ts": {"path":"D:\\Vaibhav_Angular\\Orxe\\shell1\\packages\\hotel-button\\src\\app\\shared\\components\\gift\\gift.component.ts","statementMap":{"0":{"start":{"line":1,"column":0},"end":{"line":1,"column":50}},"1":{"start":{"line":9,"column":0},"end":{"line":16,"column":null}},"2":{"start":{"line":9,"column":13},"end":{"line":16,"column":null}},"3":{"start":{"line":9,"column":13},"end":{"line":9,"column":26}}},"fnMap":{"0":{"name":"(anonymous_0)","decl":{"start":{"line":11,"column":2},"end":{"line":11,"column":18}},"loc":{"start":{"line":11,"column":2},"end":{"line":11,"column":19}}},"1":{"name":"(anonymous_1)","decl":{"start":{"line":13,"column":2},"end":{"line":13,"column":10}},"loc":{"start":{"line":13,"column":10},"end":{"line":14,"column":3}}}},"branchMap":{},"s":{"0":3,"1":3,"2":3,"3":3},"f":{"0":1,"1":1},"b":{}}
,"D:\\Vaibhav_Angular\\Orxe\\shell1\\packages\\hotel-button\\src\\app\\shared\\components\\hotel\\hotel.component.ts": {"path":"D:\\Vaibhav_Angular\\Orxe\\shell1\\packages\\hotel-button\\src\\app\\shared\\components\\hotel\\hotel.component.ts","statementMap":{"0":{"start":{"line":1,"column":0},"end":{"line":1,"column":50}},"1":{"start":{"line":8,"column":0},"end":{"line":15,"column":null}},"2":{"start":{"line":8,"column":13},"end":{"line":15,"column":null}},"3":{"start":{"line":8,"column":13},"end":{"line":8,"column":27}}},"fnMap":{"0":{"name":"(anonymous_0)","decl":{"start":{"line":10,"column":2},"end":{"line":10,"column":18}},"loc":{"start":{"line":10,"column":2},"end":{"line":10,"column":19}}},"1":{"name":"(anonymous_1)","decl":{"start":{"line":12,"column":2},"end":{"line":12,"column":10}},"loc":{"start":{"line":12,"column":10},"end":{"line":13,"column":3}}}},"branchMap":{},"s":{"0":3,"1":3,"2":3,"3":3},"f":{"0":1,"1":1},"b":{}}
}
