TN:
SF:src\components.ts
FNF:0
FNH:0
DA:1,0
DA:2,0
DA:3,0
DA:4,0
DA:5,0
DA:6,0
DA:7,0
DA:8,0
DA:9,0
DA:10,0
DA:11,0
DA:12,0
DA:13,0
DA:14,0
DA:15,0
DA:16,0
DA:17,0
DA:18,0
DA:19,0
DA:20,0
DA:21,0
DA:22,0
DA:23,0
DA:24,0
DA:25,0
DA:26,0
LF:26
LH:0
BRF:0
BRH:0
end_of_record
TN:
SF:src\culture-init.ts
FNF:0
FNH:0
DA:1,0
DA:3,0
DA:7,0
DA:10,0
DA:11,0
DA:20,0
LF:6
LH:0
BRF:0
BRH:0
end_of_record
TN:
SF:src\main.prod.ts
FN:17,(anonymous_0)
FNF:1
FNH:0
FNDA:0,(anonymous_0)
DA:2,0
DA:4,0
DA:5,0
DA:7,0
DA:8,0
DA:10,0
DA:12,0
DA:15,0
DA:17,0
LF:9
LH:0
BRF:0
BRH:0
end_of_record
TN:
SF:src\app\app.component.ts
FN:20,(anonymous_0)
FN:23,(anonymous_1)
FN:30,(anonymous_2)
FNF:3
FNH:3
FNDA:4,(anonymous_0)
FNDA:2,(anonymous_1)
FNDA:2,(anonymous_2)
DA:1,2
DA:2,2
DA:6,2
DA:13,2
DA:14,4
DA:15,4
DA:20,4
DA:21,4
DA:27,2
DA:31,2
LF:10
LH:10
BRF:0
BRH:0
end_of_record
TN:
SF:src\app\core\services\index.ts
FNF:0
FNH:0
DA:1,2
LF:1
LH:1
BRF:0
BRH:0
end_of_record
TN:
SF:src\app\core\services\user.service.ts
FN:13,(anonymous_0)
FN:15,(anonymous_1)
FNF:2
FNH:1
FNDA:4,(anonymous_0)
FNDA:0,(anonymous_1)
DA:1,2
DA:2,2
DA:7,2
DA:10,2
DA:11,4
DA:16,0
LF:6
LH:5
BRF:0
BRH:0
end_of_record
TN:
SF:src\app\core\store\actions\user.actions.ts
FN:8,(anonymous_0)
FN:13,(anonymous_1)
FN:19,(anonymous_2)
FNF:3
FNH:1
FNDA:2,(anonymous_0)
FNDA:0,(anonymous_1)
FNDA:0,(anonymous_2)
DA:8,2
DA:9,2
DA:10,2
DA:13,2
DA:14,0
DA:17,2
DA:18,0
DA:19,0
LF:8
LH:5
BRDA:8,0,0,2
BRDA:8,0,1,2
BRF:2
BRH:2
end_of_record
TN:
SF:src\app\core\store\effects\user.effects.ts
FN:26,(anonymous_0)
FN:19,(anonymous_1)
FN:20,(anonymous_2)
FNF:3
FNH:1
FNDA:4,(anonymous_0)
FNDA:0,(anonymous_1)
FNDA:0,(anonymous_2)
DA:2,2
DA:3,2
DA:4,2
DA:5,2
DA:8,2
DA:9,2
DA:15,2
DA:17,4
DA:19,0
DA:21,0
DA:22,0
DA:27,4
DA:28,4
LF:13
LH:10
BRF:0
BRH:0
end_of_record
TN:
SF:src\app\core\store\meta-reducers\index.ts
FN:8,(anonymous_0)
FN:9,(anonymous_1)
FNF:2
FNH:2
FNDA:4,(anonymous_0)
FNDA:8,(anonymous_1)
DA:8,2
DA:9,4
DA:11,8
DA:15,2
LF:4
LH:4
BRF:0
BRH:0
end_of_record
TN:
SF:src\app\core\store\reducers\app.reducers.ts
FNF:0
FNH:0
DA:3,2
DA:9,2
LF:2
LH:2
BRF:0
BRH:0
end_of_record
TN:
SF:src\app\core\store\reducers\user.reducers.ts
FN:4,(anonymous_0)
FNF:1
FNH:1
FNDA:8,(anonymous_0)
DA:1,2
DA:2,2
DA:4,2
DA:8,8
DA:10,0
DA:11,0
DA:18,8
LF:7
LH:5
BRDA:5,0,0,4
BRDA:9,1,0,0
BRDA:9,1,1,8
BRF:3
BRH:2
end_of_record
TN:
SF:src\app\core\store\selectors\user.selectors.ts
FN:6,(anonymous_0)
FN:13,(anonymous_1)
FNF:2
FNH:0
FNDA:0,(anonymous_0)
FNDA:0,(anonymous_1)
DA:1,0
DA:6,0
DA:11,0
DA:13,0
LF:4
LH:0
BRF:0
BRH:0
end_of_record
TN:
SF:src\app\core\store\state\app.state.ts
FN:18,getInitialState
FNF:1
FNH:0
FNDA:0,getInitialState
DA:1,0
DA:13,0
DA:18,0
DA:19,0
LF:4
LH:0
BRF:0
BRH:0
end_of_record
TN:
SF:src\app\core\store\state\user.state.ts
FNF:0
FNH:0
DA:7,2
LF:1
LH:1
BRF:0
BRH:0
end_of_record
TN:
SF:src\app\culture-translator\culture-translator.component.ts
FN:12,(anonymous_0)
FN:14,(anonymous_1)
FNF:2
FNH:2
FNDA:1,(anonymous_0)
FNDA:1,(anonymous_1)
DA:1,1
DA:10,1
LF:2
LH:2
BRF:0
BRH:0
end_of_record
TN:
SF:src\app\shared\components\cars\cars.component.ts
FN:10,(anonymous_0)
FN:12,(anonymous_1)
FNF:2
FNH:2
FNDA:1,(anonymous_0)
FNDA:1,(anonymous_1)
DA:1,3
DA:8,3
LF:2
LH:2
BRF:0
BRH:0
end_of_record
TN:
SF:src\app\shared\components\flight\flight.component.ts
FN:10,(anonymous_0)
FN:12,(anonymous_1)
FNF:2
FNH:2
FNDA:1,(anonymous_0)
FNDA:1,(anonymous_1)
DA:1,3
DA:8,3
LF:2
LH:2
BRF:0
BRH:0
end_of_record
TN:
SF:src\app\shared\components\gift\gift.component.ts
FN:11,(anonymous_0)
FN:13,(anonymous_1)
FNF:2
FNH:2
FNDA:1,(anonymous_0)
FNDA:1,(anonymous_1)
DA:1,3
DA:9,3
LF:2
LH:2
BRF:0
BRH:0
end_of_record
TN:
SF:src\app\shared\components\hotel\hotel.component.ts
FN:10,(anonymous_0)
FN:12,(anonymous_1)
FNF:2
FNH:2
FNDA:1,(anonymous_0)
FNDA:1,(anonymous_1)
DA:1,3
DA:8,3
LF:2
LH:2
BRF:0
BRH:0
end_of_record
